Turbo Assembler	 Version 2.0	    03/09/18 16:24:23	    Page 1
pract1b.asm



      1				     ;_______________________________________________________________
      2				     ; DEFINICION DEL SEGMENTO DE DATOS
      3	0000			     DATOS SEGMENT
      4	0000  00			     CONTADOR DB 0
      5	0001  CAFE			     TOME DW 0CAFEH
      6	0003  64*(00)			     TABLA100 DB 100 DUP (0)
      7	0067  41 74 65 6E 63 69	C3+	     ERROR1 DB "Atención: Entrada de datos incorrecta."
      8	      B3 6E 3A 20 45 6E	74+
      9	      72 61 64 61 20 64	65+
     10	      20 64 61 74 6F 73	20+
     11	      69 6E 63 6F 72 72	65+
     12	      63 74 61 2E
     13	008E			     DATOS ENDS
     14				     ;_______________________________________________________________
     15				     ; DEFINICION DEL SEGMENTO DE PILA
     16	0000			     PILA SEGMENT STACK	"STACK"
     17	0000  40*(00)			     DB	40H DUP	(0)
     18	0040			     PILA ENDS
     19				     ;_______________________________________________________________
     20				     ; DEFINICION DEL SEGMENTO EXTRA
     21	0000			     EXTRA SEGMENT
     22
     23	0000			     EXTRA ENDS
     24				     ;_______________________________________________________________
     25				     ; DEFINICION DEL SEGMENTO DE CODIGO
     26	0000			     CODE SEGMENT
     27				     ASSUME CS:CODE,DS:DATOS,ES:EXTRA,SS:PILA
     28				     ;_______________________________________________________________
     29				     ; COMIENZO	DEL PROCEDIMIENTO PRINCIPAL (START)
     30	0000			     START PROC
     31				     ;INICIALIZA LOS REGISTROS DE SEGMENTO CON SUS VALORES
     32	0000  B8 0000s			 MOV AX, DATOS
     33	0003  8E D8			 MOV DS, AX
     34
     35	0005  B8 0000s			     MOV AX, EXTRA
     36	0008  8E C0			 MOV ES, AX
     37
     38	000A  B8 0000s			 MOV AX, PILA
     39	000D  8E D0			 MOV SS, AX
     40
     41				     ;GUARDAMOS	EL SEXTO CARACTER EN AL
     42	000F  8A 1E 006Cr		     MOV BL, ERROR1[5]
     43
     44				     ;GUARDAMOS	EL VALOR EN TABLA100
     45	0013  88 1E 0066r		     MOV TABLA100[63H],	BL
     46
     47				     ;EXTRAEMOS	EL VALOR DE TOME
     48	0017  8B 0E 0001r		     MOV CX, TOME
     49
     50				     ;GUARDAMOS	EL VALOR EN TABLA100
     51	001B  88 0E 0026r		     MOV TABLA100[23H],	CL
     52	001F  88 2E 0027r		     MOV TABLA100[24H],	CH
     53
     54				     ;GUARDAMOS	EL BYTE	MAS SIGNIFICATIVO EN CONTADOR
     55	0023  88 2E 0000r		     MOV CONTADOR, CH
     56
     57	0027			     START ENDP
Turbo Assembler	 Version 2.0	    03/09/18 16:24:23	    Page 2
pract1b.asm



     58				     ;FIN DEL SEGMENTO DE CODIGO
     59	0027			     CODE ENDS
     60				     ;FIN DE PROGRAMA INDICANDO	DONDE COMIENZA LA EJECUCION
     61				     END START
Turbo Assembler	 Version 2.0	    03/09/18 16:24:23	    Page 3
Symbol Table




Symbol Name			  Type	 Value

??DATE				  Text	 "03/09/18"
??FILENAME			  Text	 "pract1b "
??TIME				  Text	 "16:24:22"
??VERSION			  Number 0200
@CPU				  Text	 0101H
@CURSEG				  Text	 CODE
@FILENAME			  Text	 PRACT1B
@WORDSIZE			  Text	 2
CONTADOR			  Byte	 DATOS:0000
ERROR1				  Byte	 DATOS:0067
START				  Near	 CODE:0000
TABLA100			  Byte	 DATOS:0003
TOME				  Word	 DATOS:0001

Groups & Segments		  Bit Size Align  Combine Class

CODE				  16  0027 Para	  none
DATOS				  16  008E Para	  none
EXTRA				  16  0000 Para	  none
PILA				  16  0040 Para	  Stack	  STACK
